2024-04-25 00:16:42 [t1] DEBUG Test4 - 等待結果 ...
2024-04-25 00:16:42 [t2] DEBUG Test4 - 執行下載 ...
2024-04-25 00:16:42 [t1] DEBUG GuardedObject - 等待中 ...
2024-04-25 00:16:45 [t2] DEBUG GuardedObject - 下載中 ...
2024-04-25 00:17:15 [t1] DEBUG Test4 - 等待結果 ...
2024-04-25 00:17:15 [t1] DEBUG GuardedObject - 等待中 ...
2024-04-25 00:17:18 [t2] DEBUG Test4 - 執行下載 ...
2024-04-25 00:17:18 [t2] DEBUG GuardedObject - 下載中 ...
2024-04-25 00:18:35 [t1] DEBUG Test4 - 等待結果 ...
2024-04-25 00:18:35 [t2] DEBUG Test4 - 執行下載 ...
2024-04-25 00:18:35 [t1] DEBUG GuardedObject - 等待中 ...
2024-04-25 00:18:38 [t2] DEBUG Test4 - 下載中 ...
2024-04-25 00:18:38 [t2] DEBUG GuardedObject - 下載完畢 !
2024-04-25 00:18:38 [t1] DEBUG Test4 - 獲得結果 Hello World !
2024-04-25 00:34:40 [t1] DEBUG Test4 - 等待結果 ...
2024-04-25 00:34:40 [t2] DEBUG Test4 - 執行下載 ...
2024-04-25 00:34:40 [t1] DEBUG GuardedObject - 等待中 ...
2024-04-25 00:34:42 [t1] DEBUG Test4 - 獲得結果 null
2024-04-25 00:34:43 [t2] DEBUG Test4 - 下載中 ...
2024-04-25 00:34:43 [t2] DEBUG GuardedObject - 下載完畢 !
2024-04-25 00:37:03 [t1] DEBUG Test4 - 等待結果 ...
2024-04-25 00:37:03 [t2] DEBUG Test4 - 執行下載 ...
2024-04-25 00:37:03 [t1] DEBUG GuardedObject - 等待中 ...
2024-04-25 00:37:04 [t2] DEBUG Test4 - 下載中 ...
2024-04-25 00:37:04 [t2] DEBUG GuardedObject - 下載完畢 !
2024-04-25 00:37:04 [t1] DEBUG GuardedObject - 等待中 ...
2024-04-25 00:37:05 [t1] DEBUG Test4 - 獲得結果 null
2024-04-25 00:37:28 [t2] DEBUG Test4 - 執行下載 ...
2024-04-25 00:37:28 [t1] DEBUG Test4 - 等待結果 ...
2024-04-25 00:37:28 [t1] DEBUG GuardedObject - 等待中 ...
2024-04-25 00:37:29 [t2] DEBUG Test4 - 下載中 ...
2024-04-25 00:37:29 [t2] DEBUG GuardedObject - 下載完畢 !
2024-04-25 00:37:30 [t1] DEBUG Test4 - 獲得結果 null
2024-04-25 00:37:48 [t2] DEBUG Test4 - 執行下載 ...
2024-04-25 00:37:48 [t1] DEBUG Test4 - 等待結果 ...
2024-04-25 00:37:48 [t1] DEBUG GuardedObject - 等待中 ...
2024-04-25 00:37:49 [t2] DEBUG Test4 - 下載中 ...
2024-04-25 00:37:49 [t2] DEBUG GuardedObject - 下載完畢 !
2024-04-25 00:37:49 [t1] DEBUG Test4 - 獲得結果 Hello World !
2024-04-25 00:38:10 [t2] DEBUG Test4 - 執行下載 ...
2024-04-25 00:38:10 [t1] DEBUG Test4 - 等待結果 ...
2024-04-25 00:38:10 [t1] DEBUG GuardedObject - 等待中 ...
2024-04-25 00:38:12 [t1] DEBUG Test4 - 獲得結果 null
2024-04-25 00:38:13 [t2] DEBUG Test4 - 下載中 ...
2024-04-25 00:38:13 [t2] DEBUG GuardedObject - 下載完畢 !
2024-04-25 00:55:05 [t1] DEBUG Test4 - 等待結果 ...
2024-04-25 00:55:05 [t2] DEBUG Test4 - 執行下載 ...
2024-04-25 00:55:05 [t1] DEBUG GuardedObject - 等待中 ...
2024-04-25 00:55:07 [t1] DEBUG Test4 - 獲得結果 null
2024-04-25 00:55:08 [t2] DEBUG Test4 - 下載中 ...
2024-04-25 00:55:08 [t2] DEBUG GuardedObject - 下載完畢 !
